Using pre-set license

 COMMAND LINE ARGUMENTS:
/Applications/Unity/Hub/Editor/2020.3.14f1/Unity.app/Contents/MacOS/Unity
-adb2
-batchMode
-noUpm
-name
AssetImportWorker0
-projectPath
/Users/dhanrajsinhgohil/Work/FightingPC
-logFile
Logs/AssetImportWorker0.log
-srvPort
49680
Successfully changed project path to: /Users/dhanrajsinhgohil/Work/FightingPC
/Users/dhanrajsinhgohil/Work/FightingPC
Using Asset Import Pipeline V2.
Default GameObject BitMask: UI already registered

Refreshing native plugins compatible for Editor in 117.87 ms, found 2 plugins.
Preloading 0 native plugins for Editor in 0.00 ms.
Initialize engine version: 2020.3.14f1 (d0d1bb862f9d)
[Subsystems] Discovering subsystems at path /Applications/Unity/Hub/Editor/2020.3.14f1/Unity.app/Contents/Resources/UnitySubsystems
[Subsystems] Discovering subsystems at path /Users/dhanrajsinhgohil/Work/FightingPC/Assets
GfxDevice: creating device client; threaded=0
2021-12-08 12:08:06.576 Unity[991:15809] Color LCD preferred device: Intel(R) UHD Graphics 630 (low power)
2021-12-08 12:08:06.576 Unity[991:15809] Metal devices available: 2
2021-12-08 12:08:06.576 Unity[991:15809] 0: AMD Radeon Pro 5300M (high power)
2021-12-08 12:08:06.576 Unity[991:15809] 1: Intel(R) UHD Graphics 630 (low power)
2021-12-08 12:08:06.577 Unity[991:15809] Using device AMD Radeon Pro 5300M (high power)
Initializing Metal device caps: AMD Radeon Pro 5300M
Shader 'Universal Render Pipeline/Particles/Lit': fallback shader 'Universal Render Pipeline/Particles/SimpleLit' not found
Initialize mono
Mono path[0] = '/Applications/Unity/Hub/Editor/2020.3.14f1/Unity.app/Contents/Managed'
Mono path[1] = '/Applications/Unity/Hub/Editor/2020.3.14f1/Unity.app/Contents/MonoBleedingEdge/lib/mono/unityjit'
Mono config path = '/Applications/Unity/Hub/Editor/2020.3.14f1/Unity.app/Contents/MonoBleedingEdge/etc'
Using monoOptions --debugger-agent=transport=dt_socket,embedding=1,server=y,suspend=n,address=127.0.0.1:56991
Begin MonoManager ReloadAssembly
Registering precompiled unity dll's ...
Register platform support module: /Applications/Unity/Hub/Editor/2020.3.14f1/PlaybackEngines/WebGLSupport/UnityEditor.WebGL.Extensions.dll
Register platform support module: /Applications/Unity/Hub/Editor/2020.3.14f1/Unity.app/Contents/PlaybackEngines/MacStandaloneSupport/UnityEditor.OSXStandalone.Extensions.dll
Register platform support module: /Applications/Unity/Hub/Editor/2020.3.14f1/PlaybackEngines/WindowsStandaloneSupport/UnityEditor.WindowsStandalone.Extensions.dll
Register platform support module: /Applications/Unity/Hub/Editor/2020.3.14f1/PlaybackEngines/LinuxStandaloneSupport/UnityEditor.LinuxStandalone.Extensions.dll
Registered in 0.000911 seconds.
Native extension for LinuxStandalone target not found
Native extension for WindowsStandalone target not found
Native extension for OSXStandalone target not found
Native extension for WebGL target not found
Refreshing native plugins compatible for Editor in 105.28 ms, found 2 plugins.
Preloading 0 native plugins for Editor in 0.00 ms.
Mono: successfully reloaded assembly
- Completed reload, in  2.658 seconds
Domain Reload Profiling:
	ReloadAssembly (2658ms)
		BeginReloadAssembly (40ms)
			ExecutionOrderSort (0ms)
			DisableScriptedObjects (0ms)
			BackupInstance (0ms)
			ReleaseScriptingObjects (0ms)
			CreateAndSetChildDomain (1ms)
		EndReloadAssembly (510ms)
			LoadAssemblies (40ms)
			RebuildTransferFunctionScriptingTraits (0ms)
			SetupTypeCache (175ms)
			ReleaseScriptCaches (0ms)
			RebuildScriptCaches (37ms)
			SetupLoadedEditorAssemblies (245ms)
				LogAssemblyErrors (0ms)
				InitializePlatformSupportModulesInManaged (6ms)
				SetLoadedEditorAssemblies (0ms)
				RefreshPlugins (105ms)
				BeforeProcessingInitializeOnLoad (7ms)
				ProcessInitializeOnLoadAttributes (94ms)
				ProcessInitializeOnLoadMethodAttributes (31ms)
				AfterProcessingInitializeOnLoad (0ms)
				EditorAssembliesLoaded (0ms)
			ExecutionOrderSort2 (0ms)
			AwakeInstancesAfterBackupRestoration (0ms)
Platform modules already initialized, skipping
Registering precompiled user dll's ...
Registered in 0.006274 seconds.
Begin MonoManager ReloadAssembly
Native extension for LinuxStandalone target not found
Native extension for WindowsStandalone target not found
Native extension for OSXStandalone target not found
Native extension for WebGL target not found
Refreshing native plugins compatible for Editor in 103.29 ms, found 2 plugins.
Preloading 0 native plugins for Editor in 0.00 ms.
Fallback handler could not load library /Applications/Unity/Hub/Editor/2020.3.14f1/Unity.app/Contents/Frameworks/Mono/lib/libKernel32
Fallback handler could not load library /Applications/Unity/Hub/Editor/2020.3.14f1/Unity.app/Contents/Frameworks/Mono/lib/libKernel32.dylib
Fallback handler could not load library /Applications/Unity/Hub/Editor/2020.3.14f1/Unity.app/Contents/Frameworks/Mono/lib/libKernel32.so
Fallback handler could not load library /Applications/Unity/Hub/Editor/2020.3.14f1/Unity.app/Contents/Frameworks/Mono/lib/libKernel32.bundle
Fallback handler could not load library /Applications/Unity/Hub/Editor/2020.3.14f1/Unity.app/Contents/Frameworks/Mono/lib/Kernel32
Fallback handler could not load library /Applications/Unity/Hub/Editor/2020.3.14f1/Unity.app/Contents/Frameworks/Mono/lib/libKernel32
Fallback handler could not load library /Applications/Unity/Hub/Editor/2020.3.14f1/Unity.app/Contents/Frameworks/Mono/lib/libKernel32.dylib
Fallback handler could not load library /Applications/Unity/Hub/Editor/2020.3.14f1/Unity.app/Contents/Frameworks/Mono/lib/libKernel32.so
Fallback handler could not load library /Applications/Unity/Hub/Editor/2020.3.14f1/Unity.app/Contents/Frameworks/Mono/lib/libKernel32.bundle
Fallback handler could not load library /Applications/Unity/Hub/Editor/2020.3.14f1/Unity.app/Contents/Frameworks/Mono/lib/libKernel32
08-12-2021 12:08:12|Fatal|WebSocket.connect|System.Net.Sockets.SocketException (0x80004005): Connection refused
                            at System.Net.Sockets.TcpClient..ctor (System.String hostname, System.Int32 port) [0x0006d] in <6fcfdd162b5d4836bef3c96f53194db6>:0 
                            at WebSocketSharp.WebSocket.setClientStream () [0x00066] in <6e54e4d675ae408e9064c25787e50820>:0 
                            at WebSocketSharp.WebSocket.doHandshake () [0x00001] in <6e54e4d675ae408e9064c25787e50820>:0 
                            at WebSocketSharp.WebSocket.connect () [0x00083] in <6e54e4d675ae408e9064c25787e50820>:0 
Mono: successfully reloaded assembly
- Completed reload, in  1.618 seconds
Domain Reload Profiling:
	ReloadAssembly (1619ms)
		BeginReloadAssembly (148ms)
			ExecutionOrderSort (0ms)
			DisableScriptedObjects (5ms)
			BackupInstance (0ms)
			ReleaseScriptingObjects (0ms)
			CreateAndSetChildDomain (23ms)
		EndReloadAssembly (1408ms)
			LoadAssemblies (132ms)
			RebuildTransferFunctionScriptingTraits (0ms)
			SetupTypeCache (447ms)
			ReleaseScriptCaches (1ms)
			RebuildScriptCaches (113ms)
			SetupLoadedEditorAssemblies (572ms)
				LogAssemblyErrors (0ms)
				InitializePlatformSupportModulesInManaged (7ms)
				SetLoadedEditorAssemblies (0ms)
				RefreshPlugins (103ms)
				BeforeProcessingInitializeOnLoad (108ms)
				ProcessInitializeOnLoadAttributes (299ms)
				ProcessInitializeOnLoadMethodAttributes (53ms)
				AfterProcessingInitializeOnLoad (2ms)
				EditorAssembliesLoaded (0ms)
			ExecutionOrderSort2 (0ms)
			AwakeInstancesAfterBackupRestoration (8ms)
Platform modules already initialized, skipping
========================================================================
Worker process is ready to serve import requests
Default GameObject BitMask: UI already registered

Shader 'Universal Render Pipeline/Particles/Lit': fallback shader 'Universal Render Pipeline/Particles/SimpleLit' not found
Launching external process: /Applications/Unity/Hub/Editor/2020.3.14f1/Unity.app/Contents/Tools/UnityShaderCompiler
Launched and connected shader compiler UnityShaderCompiler after 0.01 seconds
Refreshing native plugins compatible for Editor in 1.05 ms, found 2 plugins.
Preloading 0 native plugins for Editor in 0.00 ms.
Unloading 4415 Unused Serialized files (Serialized files now loaded: 0)
System memory in use before: 467.6 MB.
System memory in use after: 467.8 MB.

Unloading 64 unused Assets to reduce memory usage. Loaded Objects now: 4832.
Total: 5.774699 ms (FindLiveObjects: 0.423450 ms CreateObjectMapping: 0.250220 ms MarkObjects: 4.999807 ms  DeleteObjects: 0.100336 ms)

AssetImportParameters requested are different than current active one (requested -> active):
  custom:video-decoder-ogg-theora: a1e56fd34408186e4bbccfd4996cb3dc -> 
  custom:container-muxer-webm: aa71ff27fc2769a1b78a27578f13a17b -> 
  custom:container-demuxer-webm: 4f35f7cbe854078d1ac9338744f61a02 -> 
  custom:container-demuxer-ogg: 62fdf1f143b41e24485cea50d1cbac27 -> 
  custom:video-encoder-webm-vp8: eb34c28f22e8b96e1ab97ce403110664 -> 
  custom:framework-osx-AVFoundation: e770b220cccbd017edd2c1fefb359320 -> 
  custom:video-decoder-webm-vp8: 9c59270c3fd7afecdb556c50c9e8de78 -> 
  custom:audio-decoder-ogg-vorbis: bf7c407c2cedff20999df2af8eb42d56 -> 
  custom:audio-encoder-webm-vorbis: bf7c407c2cedff20999df2af8eb42d56 -> 
========================================================================
Received Import Request.
  path: Assets/_Core/Characters/VVS.asset
  artifactKey: Guid(828865cfdc5b5452085b3b1b68eb6ff7) Importer(815301076,1909f56bfc062723c751e8b465ee728b)
Start importing Assets/_Core/Characters/VVS.asset using Guid(828865cfdc5b5452085b3b1b68eb6ff7) Importer(815301076,1909f56bfc062723c751e8b465ee728b)  -> (artifact id: '5a501cfb255737c47a638536b7e8f218') in 1.375707 seconds 
  Import took 1.382580 seconds .

========================================================================
Received Import Request.
  Time since last request: 181.115235 seconds.
  path: Assets/_Core/BotFiles
  artifactKey: Guid(4e4c127991cf5483885a91e9f3fda87f) Importer(815301076,1909f56bfc062723c751e8b465ee728b)
Start importing Assets/_Core/BotFiles using Guid(4e4c127991cf5483885a91e9f3fda87f) Importer(815301076,1909f56bfc062723c751e8b465ee728b)  -> (artifact id: 'c00512e19bb00a2f22b4174fa314b201') in 0.000960 seconds 
  Import took 0.007691 seconds .

========================================================================
Received Import Request.
  Time since last request: 5.555931 seconds.
  path: Assets/_Core/BotFiles/Ranger_04
  artifactKey: Guid(c543786670734764584807a129088e84) Importer(815301076,1909f56bfc062723c751e8b465ee728b)
Start importing Assets/_Core/BotFiles/Ranger_04 using Guid(c543786670734764584807a129088e84) Importer(815301076,1909f56bfc062723c751e8b465ee728b)  -> (artifact id: '673616c40c8901b4f601d3d46426903e') in 0.001142 seconds 
  Import took 0.009345 seconds .

========================================================================
Received Import Request.
  Time since last request: 14.927256 seconds.
  path: Assets/_Core/BotFiles/Raida_Ethereum_Character
  artifactKey: Guid(da08f33e654d1486b90d02198bf0898b) Importer(815301076,1909f56bfc062723c751e8b465ee728b)
Start importing Assets/_Core/BotFiles/Raida_Ethereum_Character using Guid(da08f33e654d1486b90d02198bf0898b) Importer(815301076,1909f56bfc062723c751e8b465ee728b)  -> (artifact id: 'c9a957b16fd4fff9fbac7e9cebeb0fce') in 0.001689 seconds 
  Import took 0.009520 seconds .

========================================================================
Received Import Request.
  Time since last request: 2.839283 seconds.
  path: Assets/_Core/BotFiles/Raida_Ethereum_Character/Raida_Ethereum_Character.blend
  artifactKey: Guid(1b3d52912c7ed40e7bed1eb448717e96) Importer(815301076,1909f56bfc062723c751e8b465ee728b)
Start importing Assets/_Core/BotFiles/Raida_Ethereum_Character/Raida_Ethereum_Character.blend using Guid(1b3d52912c7ed40e7bed1eb448717e96) Importer(815301076,1909f56bfc062723c751e8b465ee728b)  -> (artifact id: 'd13d422bf3bff691d72de0bbfcb526eb') in 2.160554 seconds 
  Import took 2.171314 seconds .

========================================================================
Received Import Request.
  Time since last request: 0.000292 seconds.
  path: Assets/_Core/BotFiles/Raida_Ethereum_Character/Raida_Ethereum_Character.fbx
  artifactKey: Guid(58d7cbff6035c48cb81b13c7a40aaa76) Importer(815301076,1909f56bfc062723c751e8b465ee728b)
Start importing Assets/_Core/BotFiles/Raida_Ethereum_Character/Raida_Ethereum_Character.fbx using Guid(58d7cbff6035c48cb81b13c7a40aaa76) Importer(815301076,1909f56bfc062723c751e8b465ee728b)  -> (artifact id: '93ab1ca0d204307406ddbfc2c5febb3d') in 0.142197 seconds 
  Import took 0.150414 seconds .

========================================================================
Received Import Request.
  Time since last request: 22.021425 seconds.
  path: Assets/_Core/BotFiles/Raida_Ethereum_Character/raida.png
  artifactKey: Guid(178543aa0e3f642f782d901a52e9f694) Importer(815301076,1909f56bfc062723c751e8b465ee728b)
Start importing Assets/_Core/BotFiles/Raida_Ethereum_Character/raida.png using Guid(178543aa0e3f642f782d901a52e9f694) Importer(815301076,1909f56bfc062723c751e8b465ee728b)  -> (artifact id: '1404fa654e445ed0d3efa7c02c2554eb') in 0.906816 seconds 
  Import took 0.914661 seconds .

========================================================================
Received Import Request.
  Time since last request: 5.711888 seconds.
  path: Assets/_Core/BotFiles/Raida_Ethereum_Character/Raida_Ethereum_Character.fbx
  artifactKey: Guid(58d7cbff6035c48cb81b13c7a40aaa76) Importer(815301076,1909f56bfc062723c751e8b465ee728b)
Start importing Assets/_Core/BotFiles/Raida_Ethereum_Character/Raida_Ethereum_Character.fbx using Guid(58d7cbff6035c48cb81b13c7a40aaa76) Importer(815301076,1909f56bfc062723c751e8b465ee728b)  -> (artifact id: '2fea0ff74b9e03eafa3f884fb39cd00c') in 0.065739 seconds 
  Import took 0.073610 seconds .

========================================================================
Received Import Request.
  Time since last request: 8.770522 seconds.
  path: Assets/_Core/BotFiles/Raida_Ethereum_Character/Raida_Ethereum_Character.fbx
  artifactKey: Guid(58d7cbff6035c48cb81b13c7a40aaa76) Importer(815301076,1909f56bfc062723c751e8b465ee728b)
Start importing Assets/_Core/BotFiles/Raida_Ethereum_Character/Raida_Ethereum_Character.fbx using Guid(58d7cbff6035c48cb81b13c7a40aaa76) Importer(815301076,1909f56bfc062723c751e8b465ee728b)  -> (artifact id: '1aa3d44d5826381c32ae8f8823046382') in 0.053658 seconds 
  Import took 0.062056 seconds .

========================================================================
Received Import Request.
  Time since last request: 5.447570 seconds.
  path: Assets/_Core/BotFiles/Raida_Ethereum_Character/Raida_Ethereum_Character.fbx
  artifactKey: Guid(58d7cbff6035c48cb81b13c7a40aaa76) Importer(815301076,1909f56bfc062723c751e8b465ee728b)
Start importing Assets/_Core/BotFiles/Raida_Ethereum_Character/Raida_Ethereum_Character.fbx using Guid(58d7cbff6035c48cb81b13c7a40aaa76) Importer(815301076,1909f56bfc062723c751e8b465ee728b)  -> (artifact id: '61b1b3e34ae86c869c3f44150901f966') in 0.054052 seconds 
  Import took 0.062697 seconds .

========================================================================
Received Import Request.
  Time since last request: 32.727940 seconds.
  path: Assets/_Core/BotFiles/Raida_Ethereum_Character/Textures/Unity URP/T_Raida_Skull_OcclusionRoughnessMetallic.png
  artifactKey: Guid(a05dff45e24344af49320dd451605346) Importer(815301076,1909f56bfc062723c751e8b465ee728b)
Start importing Assets/_Core/BotFiles/Raida_Ethereum_Character/Textures/Unity URP/T_Raida_Skull_OcclusionRoughnessMetallic.png using Guid(a05dff45e24344af49320dd451605346) Importer(815301076,1909f56bfc062723c751e8b465ee728b)  -> (artifact id: '13cbe0c11ca1550a9dc47fba85c0682f') in 0.025487 seconds 
  Import took 0.033335 seconds .

========================================================================
Received Import Request.
  Time since last request: 36.018997 seconds.
  path: Assets/_Core/BotFiles/Raida_Ethereum_Character/Textures/Unity URP/T_Raida_Skull_MaskMap.png
  artifactKey: Guid(b8834bf251ae4470499f8453697ace86) Importer(815301076,1909f56bfc062723c751e8b465ee728b)
Start importing Assets/_Core/BotFiles/Raida_Ethereum_Character/Textures/Unity URP/T_Raida_Skull_MaskMap.png using Guid(b8834bf251ae4470499f8453697ace86) Importer(815301076,1909f56bfc062723c751e8b465ee728b)  -> (artifact id: '2dc3c965a46a52b34a3c8ecc8cab1883') in 0.017263 seconds 
  Import took 0.024333 seconds .

========================================================================
Received Import Request.
  Time since last request: 0.000218 seconds.
  path: Assets/_Core/BotFiles/Raida_Ethereum_Character/Textures/Unity URP/T_Raida_Skull_Normal.png
  artifactKey: Guid(313d49d558c1c4cf5b00dbac0841b154) Importer(815301076,1909f56bfc062723c751e8b465ee728b)
Start importing Assets/_Core/BotFiles/Raida_Ethereum_Character/Textures/Unity URP/T_Raida_Skull_Normal.png using Guid(313d49d558c1c4cf5b00dbac0841b154) Importer(815301076,1909f56bfc062723c751e8b465ee728b)  -> (artifact id: 'f0361d9683d690e2944f193fdb3d2e89') in 0.014086 seconds 
  Import took 0.020859 seconds .

========================================================================
Received Import Request.
  Time since last request: 0.000185 seconds.
  path: Assets/_Core/BotFiles/Raida_Ethereum_Character/Textures/Unity URP/T_Raida_Skull_MaskMap.png
  artifactKey: Guid(b8834bf251ae4470499f8453697ace86) Importer(815301076,1909f56bfc062723c751e8b465ee728b)
Start importing Assets/_Core/BotFiles/Raida_Ethereum_Character/Textures/Unity URP/T_Raida_Skull_MaskMap.png using Guid(b8834bf251ae4470499f8453697ace86) Importer(815301076,1909f56bfc062723c751e8b465ee728b)  -> (artifact id: '2dc3c965a46a52b34a3c8ecc8cab1883') in 0.016760 seconds 
  Import took 0.023845 seconds .

========================================================================
Received Import Request.
  Time since last request: 0.654959 seconds.
  path: Assets/_Core/BotFiles/Raida_Ethereum_Character/Textures/Unity URP/T_Raida_Skull_BaseMap.png
  artifactKey: Guid(9e636e225e2da4e42a6e2a0b64ecbd3c) Importer(815301076,1909f56bfc062723c751e8b465ee728b)
Start importing Assets/_Core/BotFiles/Raida_Ethereum_Character/Textures/Unity URP/T_Raida_Skull_BaseMap.png using Guid(9e636e225e2da4e42a6e2a0b64ecbd3c) Importer(815301076,1909f56bfc062723c751e8b465ee728b)  -> (artifact id: 'c83dc54d8fa4472fd6dfff72ab9b6590') in 0.011885 seconds 
  Import took 0.020007 seconds .

========================================================================
Received Import Request.
  Time since last request: 0.000275 seconds.
  path: Assets/_Core/BotFiles/Raida_Ethereum_Character/Textures/Unity URP/T_Raida_Skull_Emissive.png
  artifactKey: Guid(563c37df4baac435181e4b3fd878e524) Importer(815301076,1909f56bfc062723c751e8b465ee728b)
Start importing Assets/_Core/BotFiles/Raida_Ethereum_Character/Textures/Unity URP/T_Raida_Skull_Emissive.png using Guid(563c37df4baac435181e4b3fd878e524) Importer(815301076,1909f56bfc062723c751e8b465ee728b)  -> (artifact id: '879e1ecb8659ea957b57d167643598e3') in 0.012455 seconds 
  Import took 0.019602 seconds .

========================================================================
Received Import Request.
  Time since last request: 0.315675 seconds.
  path: Assets/_Core/Graphics/UI Assets/Combat UI/Player2SuperFill.png
  artifactKey: Guid(2e96d13d55c4643cfb9a0b0bf96fe225) Importer(815301076,1909f56bfc062723c751e8b465ee728b)
Start importing Assets/_Core/Graphics/UI Assets/Combat UI/Player2SuperFill.png using Guid(2e96d13d55c4643cfb9a0b0bf96fe225) Importer(815301076,1909f56bfc062723c751e8b465ee728b)  -> (artifact id: '2994f7a41f0f6f3a3fa7c80c40100166') in 0.024718 seconds 
  Import took 0.032276 seconds .

========================================================================
Received Import Request.
  Time since last request: 0.000201 seconds.
  path: Assets/_Core/Graphics/UI Assets/Combat UI/Player2FillBG.png
  artifactKey: Guid(03d22c270e44840bea12d5d6db9c01fa) Importer(815301076,1909f56bfc062723c751e8b465ee728b)
Start importing Assets/_Core/Graphics/UI Assets/Combat UI/Player2FillBG.png using Guid(03d22c270e44840bea12d5d6db9c01fa) Importer(815301076,1909f56bfc062723c751e8b465ee728b)  -> (artifact id: '632d06fb5e0ecc445b9add032479a3db') in 0.016025 seconds 
  Import took 0.023784 seconds .

========================================================================
Received Import Request.
  Time since last request: 0.000195 seconds.
  path: Assets/_Core/Graphics/UI Assets/Combat UI/Player2SuperBG.png
  artifactKey: Guid(5b3b849c76e7a424fa4f07acdcc82547) Importer(815301076,1909f56bfc062723c751e8b465ee728b)
Start importing Assets/_Core/Graphics/UI Assets/Combat UI/Player2SuperBG.png using Guid(5b3b849c76e7a424fa4f07acdcc82547) Importer(815301076,1909f56bfc062723c751e8b465ee728b)  -> (artifact id: 'be7989dc4c0e21192b9a3b5f52d1d8b0') in 0.024700 seconds 
  Import took 0.031998 seconds .

========================================================================
Received Import Request.
  Time since last request: 0.000188 seconds.
  path: Assets/_Core/Graphics/UI Assets/Combat UI/Player1SuperFill.png
  artifactKey: Guid(927aac164f7754c67ae3cc9c42e7e88e) Importer(815301076,1909f56bfc062723c751e8b465ee728b)
Start importing Assets/_Core/Graphics/UI Assets/Combat UI/Player1SuperFill.png using Guid(927aac164f7754c67ae3cc9c42e7e88e) Importer(815301076,1909f56bfc062723c751e8b465ee728b)  -> (artifact id: '446a9932bc36fd3bd94dc7fc5c43b3e6') in 0.015935 seconds 
  Import took 0.023178 seconds .

========================================================================
Received Import Request.
  Time since last request: 0.000246 seconds.
  path: Assets/_Core/Graphics/UI Assets/Combat UI/Player1FillBG.png
  artifactKey: Guid(5ac2f842e816645c5a2bf3e562f01be6) Importer(815301076,1909f56bfc062723c751e8b465ee728b)
Start importing Assets/_Core/Graphics/UI Assets/Combat UI/Player1FillBG.png using Guid(5ac2f842e816645c5a2bf3e562f01be6) Importer(815301076,1909f56bfc062723c751e8b465ee728b)  -> (artifact id: 'c5ba8bd16b5061033ef33db78d7c95ae') in 0.016890 seconds 
  Import took 0.024594 seconds .

========================================================================
Received Import Request.
  Time since last request: 0.000235 seconds.
  path: Assets/_Core/Graphics/UI Assets/Combat UI/Player1Super.png
  artifactKey: Guid(cfcfd14eae96545988caa546551ce6de) Importer(815301076,1909f56bfc062723c751e8b465ee728b)
Start importing Assets/_Core/Graphics/UI Assets/Combat UI/Player1Super.png using Guid(cfcfd14eae96545988caa546551ce6de) Importer(815301076,1909f56bfc062723c751e8b465ee728b)  -> (artifact id: 'a95a42410a9a192c199b1142d42b5cf7') in 0.015853 seconds 
  Import took 0.029711 seconds .

========================================================================
Received Import Request.
  Time since last request: 0.000311 seconds.
  path: Assets/_Core/Graphics/UI Assets/Combat UI/Player2Fill.png
  artifactKey: Guid(9a979dc922f504118b811c23de6fe101) Importer(815301076,1909f56bfc062723c751e8b465ee728b)
Start importing Assets/_Core/Graphics/UI Assets/Combat UI/Player2Fill.png using Guid(9a979dc922f504118b811c23de6fe101) Importer(815301076,1909f56bfc062723c751e8b465ee728b)  -> (artifact id: '152e960a5c451349583110f16cb1875a') in 0.014790 seconds 
  Import took 0.022440 seconds .

========================================================================
Received Import Request.
  Time since last request: 0.102599 seconds.
  path: Assets/_Core/Graphics/UI Assets/Options Menu/OptionsItemSlider.png
  artifactKey: Guid(bd83b58ffc344494caebe4d077de4178) Importer(815301076,1909f56bfc062723c751e8b465ee728b)
Start importing Assets/_Core/Graphics/UI Assets/Options Menu/OptionsItemSlider.png using Guid(bd83b58ffc344494caebe4d077de4178) Importer(815301076,1909f56bfc062723c751e8b465ee728b)  -> (artifact id: 'bdf55894a4ba2579802139b6b9699510') in 0.013520 seconds 
  Import took 0.022575 seconds .

========================================================================
Received Import Request.
  Time since last request: 0.084663 seconds.
  path: Assets/_Core/Graphics/UI Assets/Options Menu/OptionsItemBG.png
  artifactKey: Guid(69a749f7dbded4783b0c039b29f570a0) Importer(815301076,1909f56bfc062723c751e8b465ee728b)
Start importing Assets/_Core/Graphics/UI Assets/Options Menu/OptionsItemBG.png using Guid(69a749f7dbded4783b0c039b29f570a0) Importer(815301076,1909f56bfc062723c751e8b465ee728b)  -> (artifact id: '095b95666f4dc90ec61b08bf6b0bada9') in 0.016218 seconds 
  Import took 0.023953 seconds .

========================================================================
Received Import Request.
  Time since last request: 0.000235 seconds.
  path: Assets/_Core/Graphics/UI Assets/Options Menu/OptionsItemFill.png
  artifactKey: Guid(807d8429a2fd84fea953f94cbcd8a85a) Importer(815301076,1909f56bfc062723c751e8b465ee728b)
Start importing Assets/_Core/Graphics/UI Assets/Options Menu/OptionsItemFill.png using Guid(807d8429a2fd84fea953f94cbcd8a85a) Importer(815301076,1909f56bfc062723c751e8b465ee728b)  -> (artifact id: '8056a2932ebfc42ce39f5fd3600cc734') in 0.018826 seconds 
  Import took 0.026949 seconds .

========================================================================
Received Import Request.
  Time since last request: 0.000280 seconds.
  path: Assets/_Core/Graphics/UI Assets/Options Menu/OptionsItemBG.png
  artifactKey: Guid(69a749f7dbded4783b0c039b29f570a0) Importer(815301076,1909f56bfc062723c751e8b465ee728b)
Start importing Assets/_Core/Graphics/UI Assets/Options Menu/OptionsItemBG.png using Guid(69a749f7dbded4783b0c039b29f570a0) Importer(815301076,1909f56bfc062723c751e8b465ee728b)  -> (artifact id: '095b95666f4dc90ec61b08bf6b0bada9') in 0.017793 seconds 
  Import took 0.027222 seconds .

========================================================================
Received Import Request.
  Time since last request: 0.000424 seconds.
  path: Assets/_Core/Graphics/UI Assets/Options Menu/OptionsItemFill.png
  artifactKey: Guid(807d8429a2fd84fea953f94cbcd8a85a) Importer(815301076,1909f56bfc062723c751e8b465ee728b)
Start importing Assets/_Core/Graphics/UI Assets/Options Menu/OptionsItemFill.png using Guid(807d8429a2fd84fea953f94cbcd8a85a) Importer(815301076,1909f56bfc062723c751e8b465ee728b)  -> (artifact id: '8056a2932ebfc42ce39f5fd3600cc734') in 0.019725 seconds 
  Import took 0.027926 seconds .

========================================================================
Received Import Request.
  Time since last request: 1.076372 seconds.
  path: Assets/_Core/Graphics/UI Assets/Options Menu/AIBtn.png
  artifactKey: Guid(9915bc2ab4e7f44bbb2621a83c62d58a) Importer(815301076,1909f56bfc062723c751e8b465ee728b)
Start importing Assets/_Core/Graphics/UI Assets/Options Menu/AIBtn.png using Guid(9915bc2ab4e7f44bbb2621a83c62d58a) Importer(815301076,1909f56bfc062723c751e8b465ee728b)  -> (artifact id: '6d9e9f3a5f763b861d2f946d9f640806') in 0.010247 seconds 
  Import took 0.017785 seconds .

========================================================================
Received Import Request.
  Time since last request: 470.354794 seconds.
  path: Assets/_Core/BotFiles/08_Ranger_01/Materials
  artifactKey: Guid(76d5ee6706fa6ef4f8dd60f5dd3cb2a5) Importer(815301076,1909f56bfc062723c751e8b465ee728b)
Start importing Assets/_Core/BotFiles/08_Ranger_01/Materials using Guid(76d5ee6706fa6ef4f8dd60f5dd3cb2a5) Importer(815301076,1909f56bfc062723c751e8b465ee728b)  -> (artifact id: 'bca5cacf9d5f52cfadc93249b28bb75f') in 0.001080 seconds 
  Import took 0.008882 seconds .

========================================================================
Received Import Request.
  Time since last request: 1388.468512 seconds.
  path: Assets/_Core/Characters/VVS.asset
  artifactKey: Guid(828865cfdc5b5452085b3b1b68eb6ff7) Importer(815301076,1909f56bfc062723c751e8b465ee728b)
Start importing Assets/_Core/Characters/VVS.asset using Guid(828865cfdc5b5452085b3b1b68eb6ff7) Importer(815301076,1909f56bfc062723c751e8b465ee728b)  -> (artifact id: 'f6b37a4e7dbcec72be94ea05055be82d') in 0.021048 seconds 
  Import took 0.029141 seconds .

========================================================================
Received Import Request.
  Time since last request: 0.716039 seconds.
  path: Assets/_Core/Characters/VVS 1.asset
  artifactKey: Guid(af0fa7ef6579a4cab866ae8cc164c899) Importer(815301076,1909f56bfc062723c751e8b465ee728b)
Start importing Assets/_Core/Characters/VVS 1.asset using Guid(af0fa7ef6579a4cab866ae8cc164c899) Importer(815301076,1909f56bfc062723c751e8b465ee728b)  -> (artifact id: 'd4eb04c721df8eb63b645d9671702b2c') in 0.017032 seconds 
  Import took 0.025326 seconds .

========================================================================
Received Import Request.
  Time since last request: 3.572779 seconds.
  path: Assets/_Core/Characters/Raida.asset
  artifactKey: Guid(af0fa7ef6579a4cab866ae8cc164c899) Importer(815301076,1909f56bfc062723c751e8b465ee728b)
Start importing Assets/_Core/Characters/Raida.asset using Guid(af0fa7ef6579a4cab866ae8cc164c899) Importer(815301076,1909f56bfc062723c751e8b465ee728b)  -> (artifact id: '8f88c50259b7502ec75554a9a5e36a36') in 0.016958 seconds 
  Import took 0.024845 seconds .

========================================================================
Received Import Request.
  Time since last request: 28.144319 seconds.
  path: Assets/_Core/Resources/Fighters/Raida.prefab
  artifactKey: Guid(74c740a4d10e141a7b95fc930e8e7283) Importer(815301076,1909f56bfc062723c751e8b465ee728b)
Start importing Assets/_Core/Resources/Fighters/Raida.prefab using Guid(74c740a4d10e141a7b95fc930e8e7283) Importer(815301076,1909f56bfc062723c751e8b465ee728b)  -> (artifact id: '0e9dbe767d65cbc5f7cd66f0a46af6dd') in 0.242030 seconds 
  Import took 0.250307 seconds .

========================================================================
Received Import Request.
  Time since last request: 239.380502 seconds.
  path: Assets/_Core/Graphics/BotImages
  artifactKey: Guid(8eb64ad493840436aa6e097c30074578) Importer(815301076,1909f56bfc062723c751e8b465ee728b)
Start importing Assets/_Core/Graphics/BotImages using Guid(8eb64ad493840436aa6e097c30074578) Importer(815301076,1909f56bfc062723c751e8b465ee728b)  -> (artifact id: 'c456544fe14e478c253f2c9e083ca1af') in 0.000986 seconds 
  Import took 0.008192 seconds .

========================================================================
Received Import Request.
  Time since last request: 7.912850 seconds.
  path: Assets/_Core/Graphics/BotImages/Raida_Image.jpeg
  artifactKey: Guid(6051097d301344487a170ebe4e9729e2) Importer(815301076,1909f56bfc062723c751e8b465ee728b)
Start importing Assets/_Core/Graphics/BotImages/Raida_Image.jpeg using Guid(6051097d301344487a170ebe4e9729e2) Importer(815301076,1909f56bfc062723c751e8b465ee728b)  -> (artifact id: 'b486c35d081223f832b14b48a7a1289e') in 0.356278 seconds 
  Import took 0.363353 seconds .

========================================================================
Received Import Request.
  Time since last request: 4.085293 seconds.
  path: Assets/_Core/Graphics/BotImages/Raida_Image.jpeg
  artifactKey: Guid(6051097d301344487a170ebe4e9729e2) Importer(815301076,1909f56bfc062723c751e8b465ee728b)
Start importing Assets/_Core/Graphics/BotImages/Raida_Image.jpeg using Guid(6051097d301344487a170ebe4e9729e2) Importer(815301076,1909f56bfc062723c751e8b465ee728b)  -> (artifact id: '9737cf51a606f82c16ff8359545bc2ce') in 0.029240 seconds 
  Import took 0.037482 seconds .

========================================================================
Received Import Request.
  Time since last request: 6.423483 seconds.
  path: Assets/_Core/Graphics/BotImages/Raida_Image.jpeg
  artifactKey: Guid(6051097d301344487a170ebe4e9729e2) Importer(815301076,1909f56bfc062723c751e8b465ee728b)
Start importing Assets/_Core/Graphics/BotImages/Raida_Image.jpeg using Guid(6051097d301344487a170ebe4e9729e2) Importer(815301076,1909f56bfc062723c751e8b465ee728b)  -> (artifact id: '4421babee4cd4ff4e6963e1332b30eea') in 0.027790 seconds 
  Import took 0.034559 seconds .

========================================================================
Received Prepare
Default GameObject BitMask: UI already registered

Registering precompiled user dll's ...
Registered in 0.015478 seconds.
Begin MonoManager ReloadAssembly
Native extension for LinuxStandalone target not found
Native extension for WindowsStandalone target not found
Native extension for OSXStandalone target not found
Native extension for WebGL target not found
Refreshing native plugins compatible for Editor in 1.08 ms, found 2 plugins.
Preloading 0 native plugins for Editor in 0.00 ms.
08-12-2021 12:51:35|Fatal|WebSocket.connect|System.Net.Sockets.SocketException (0x80004005): Connection refused
                            at System.Net.Sockets.TcpClient..ctor (System.String hostname, System.Int32 port) [0x0006d] in <6fcfdd162b5d4836bef3c96f53194db6>:0 
                            at WebSocketSharp.WebSocket.setClientStream () [0x00066] in <6e54e4d675ae408e9064c25787e50820>:0 
                            at WebSocketSharp.WebSocket.doHandshake () [0x00001] in <6e54e4d675ae408e9064c25787e50820>:0 
                            at WebSocketSharp.WebSocket.connect () [0x00083] in <6e54e4d675ae408e9064c25787e50820>:0 
Mono: successfully reloaded assembly
- Completed reload, in  1.420 seconds
Domain Reload Profiling:
	ReloadAssembly (1420ms)
		BeginReloadAssembly (150ms)
			ExecutionOrderSort (0ms)
			DisableScriptedObjects (6ms)
			BackupInstance (0ms)
			ReleaseScriptingObjects (0ms)
			CreateAndSetChildDomain (61ms)
		EndReloadAssembly (1210ms)
			LoadAssemblies (136ms)
			RebuildTransferFunctionScriptingTraits (0ms)
			SetupTypeCache (410ms)
			ReleaseScriptCaches (2ms)
			RebuildScriptCaches (79ms)
			SetupLoadedEditorAssemblies (413ms)
				LogAssemblyErrors (0ms)
				InitializePlatformSupportModulesInManaged (6ms)
				SetLoadedEditorAssemblies (0ms)
				RefreshPlugins (1ms)
				BeforeProcessingInitializeOnLoad (90ms)
				ProcessInitializeOnLoadAttributes (274ms)
				ProcessInitializeOnLoadMethodAttributes (41ms)
				AfterProcessingInitializeOnLoad (1ms)
				EditorAssembliesLoaded (0ms)
			ExecutionOrderSort2 (0ms)
			AwakeInstancesAfterBackupRestoration (17ms)
Platform modules already initialized, skipping
Shader 'Universal Render Pipeline/Particles/Lit': fallback shader 'Universal Render Pipeline/Particles/SimpleLit' not found
Refreshing native plugins compatible for Editor in 1.15 ms, found 2 plugins.
Preloading 0 native plugins for Editor in 0.00 ms.
Unloading 4243 Unused Serialized files (Serialized files now loaded: 0)
System memory in use before: 494.6 MB.
System memory in use after: 494.8 MB.

Unloading 59 unused Assets to reduce memory usage. Loaded Objects now: 4932.
Total: 6.403471 ms (FindLiveObjects: 0.438839 ms CreateObjectMapping: 0.231703 ms MarkObjects: 5.635454 ms  DeleteObjects: 0.096639 ms)

AssetImportParameters requested are different than current active one (requested -> active):
  custom:video-decoder-ogg-theora: a1e56fd34408186e4bbccfd4996cb3dc -> 
  custom:container-muxer-webm: aa71ff27fc2769a1b78a27578f13a17b -> 
  custom:container-demuxer-webm: 4f35f7cbe854078d1ac9338744f61a02 -> 
  custom:container-demuxer-ogg: 62fdf1f143b41e24485cea50d1cbac27 -> 
  custom:video-encoder-webm-vp8: eb34c28f22e8b96e1ab97ce403110664 -> 
  custom:framework-osx-AVFoundation: e770b220cccbd017edd2c1fefb359320 -> 
  custom:video-decoder-webm-vp8: 9c59270c3fd7afecdb556c50c9e8de78 -> 
  custom:audio-decoder-ogg-vorbis: bf7c407c2cedff20999df2af8eb42d56 -> 
  custom:audio-encoder-webm-vorbis: bf7c407c2cedff20999df2af8eb42d56 -> 
========================================================================
Received Import Request.
  Time since last request: 534.610636 seconds.
  path: Assets/UFE/Demo/Config.asset
  artifactKey: Guid(eaf439cbd252e074bb21dd77f6faed12) Importer(815301076,1909f56bfc062723c751e8b465ee728b)
Start importing Assets/UFE/Demo/Config.asset using Guid(eaf439cbd252e074bb21dd77f6faed12) Importer(815301076,1909f56bfc062723c751e8b465ee728b)  -> (artifact id: 'cee82e53421613e87721c52fe48b2639') in 0.737611 seconds 
  Import took 0.757811 seconds .

========================================================================
Received Import Request.
  Time since last request: 290.373583 seconds.
  path: Assets/_Core/Graphics/BotImages/VVS_Image.jpeg
  artifactKey: Guid(1b6ae9889f29d4333923071b70a93e4c) Importer(815301076,1909f56bfc062723c751e8b465ee728b)
Start importing Assets/_Core/Graphics/BotImages/VVS_Image.jpeg using Guid(1b6ae9889f29d4333923071b70a93e4c) Importer(815301076,1909f56bfc062723c751e8b465ee728b)  -> (artifact id: '214655a4007b9c7555ec9f09cf26b0c4') in 0.051355 seconds 
  Import took 0.058745 seconds .

========================================================================
Received Import Request.
  Time since last request: 27.079917 seconds.
  path: Assets/_Core/BotFiles/Ranger_04/Materials/Batman.mat
  artifactKey: Guid(178d974b677b943f9803df9001285ba3) Importer(815301076,1909f56bfc062723c751e8b465ee728b)
Start importing Assets/_Core/BotFiles/Ranger_04/Materials/Batman.mat using Guid(178d974b677b943f9803df9001285ba3) Importer(815301076,1909f56bfc062723c751e8b465ee728b)  -> (artifact id: 'c8da0703ff4af24f54d842872025f450') in 0.340288 seconds 
  Import took 0.351859 seconds .

========================================================================
Received Import Request.
  Time since last request: 5.583096 seconds.
  path: Assets/_Core/Resources/Fighters/VVS.prefab
  artifactKey: Guid(037426c7efedc429aa88e0f823676b50) Importer(815301076,1909f56bfc062723c751e8b465ee728b)
Start importing Assets/_Core/Resources/Fighters/VVS.prefab using Guid(037426c7efedc429aa88e0f823676b50) Importer(815301076,1909f56bfc062723c751e8b465ee728b)  -> (artifact id: '2bcfef5862ddb0eee6f985169304c19a') in 0.139865 seconds 
  Import took 0.151175 seconds .

========================================================================
Received Import Request.
  Time since last request: 15.433979 seconds.
  path: Assets/_Core/Characters/Raida.asset
  artifactKey: Guid(af0fa7ef6579a4cab866ae8cc164c899) Importer(815301076,1909f56bfc062723c751e8b465ee728b)
Start importing Assets/_Core/Characters/Raida.asset using Guid(af0fa7ef6579a4cab866ae8cc164c899) Importer(815301076,1909f56bfc062723c751e8b465ee728b)  -> (artifact id: 'd41b7f1e17daf316ffae6d196961702c') in 0.015860 seconds 
  Import took 0.023719 seconds .

========================================================================
Received Prepare
Default GameObject BitMask: UI already registered

Registering precompiled user dll's ...
Registered in 0.006605 seconds.
Begin MonoManager ReloadAssembly
Native extension for LinuxStandalone target not found
Native extension for WindowsStandalone target not found
Native extension for OSXStandalone target not found
Native extension for WebGL target not found
Refreshing native plugins compatible for Editor in 1.09 ms, found 2 plugins.
Preloading 0 native plugins for Editor in 0.00 ms.
08-12-2021 13:07:10|Fatal|WebSocket.connect|System.Net.Sockets.SocketException (0x80004005): Connection refused
                            at System.Net.Sockets.TcpClient..ctor (System.String hostname, System.Int32 port) [0x0006d] in <6fcfdd162b5d4836bef3c96f53194db6>:0 
                            at WebSocketSharp.WebSocket.setClientStream () [0x00066] in <6e54e4d675ae408e9064c25787e50820>:0 
                            at WebSocketSharp.WebSocket.doHandshake () [0x00001] in <6e54e4d675ae408e9064c25787e50820>:0 
                            at WebSocketSharp.WebSocket.connect () [0x00083] in <6e54e4d675ae408e9064c25787e50820>:0 
Mono: successfully reloaded assembly
- Completed reload, in  1.414 seconds
Domain Reload Profiling:
	ReloadAssembly (1415ms)
		BeginReloadAssembly (143ms)
			ExecutionOrderSort (0ms)
			DisableScriptedObjects (6ms)
			BackupInstance (0ms)
			ReleaseScriptingObjects (0ms)
			CreateAndSetChildDomain (76ms)
		EndReloadAssembly (1210ms)
			LoadAssemblies (89ms)
			RebuildTransferFunctionScriptingTraits (0ms)
			SetupTypeCache (417ms)
			ReleaseScriptCaches (1ms)
			RebuildScriptCaches (93ms)
			SetupLoadedEditorAssemblies (446ms)
				LogAssemblyErrors (0ms)
				InitializePlatformSupportModulesInManaged (6ms)
				SetLoadedEditorAssemblies (0ms)
				RefreshPlugins (1ms)
				BeforeProcessingInitializeOnLoad (93ms)
				ProcessInitializeOnLoadAttributes (299ms)
				ProcessInitializeOnLoadMethodAttributes (42ms)
				AfterProcessingInitializeOnLoad (3ms)
				EditorAssembliesLoaded (0ms)
			ExecutionOrderSort2 (0ms)
			AwakeInstancesAfterBackupRestoration (17ms)
Platform modules already initialized, skipping
Shader 'Universal Render Pipeline/Particles/Lit': fallback shader 'Universal Render Pipeline/Particles/SimpleLit' not found
Refreshing native plugins compatible for Editor in 1.12 ms, found 2 plugins.
Preloading 0 native plugins for Editor in 0.00 ms.
Unloading 4243 Unused Serialized files (Serialized files now loaded: 0)
System memory in use before: 501.0 MB.
System memory in use after: 501.3 MB.

Unloading 63 unused Assets to reduce memory usage. Loaded Objects now: 4972.
Total: 5.296205 ms (FindLiveObjects: 0.400056 ms CreateObjectMapping: 0.157863 ms MarkObjects: 4.657487 ms  DeleteObjects: 0.079943 ms)

AssetImportParameters requested are different than current active one (requested -> active):
  custom:video-decoder-ogg-theora: a1e56fd34408186e4bbccfd4996cb3dc -> 
  custom:container-muxer-webm: aa71ff27fc2769a1b78a27578f13a17b -> 
  custom:container-demuxer-webm: 4f35f7cbe854078d1ac9338744f61a02 -> 
  custom:container-demuxer-ogg: 62fdf1f143b41e24485cea50d1cbac27 -> 
  custom:video-encoder-webm-vp8: eb34c28f22e8b96e1ab97ce403110664 -> 
  custom:framework-osx-AVFoundation: e770b220cccbd017edd2c1fefb359320 -> 
  custom:video-decoder-webm-vp8: 9c59270c3fd7afecdb556c50c9e8de78 -> 
  custom:audio-decoder-ogg-vorbis: bf7c407c2cedff20999df2af8eb42d56 -> 
  custom:audio-encoder-webm-vorbis: bf7c407c2cedff20999df2af8eb42d56 -> 
========================================================================
Received Prepare
Default GameObject BitMask: UI already registered

Registering precompiled user dll's ...
Registered in 0.004963 seconds.
Begin MonoManager ReloadAssembly
Native extension for LinuxStandalone target not found
Native extension for WindowsStandalone target not found
Native extension for OSXStandalone target not found
Native extension for WebGL target not found
Refreshing native plugins compatible for Editor in 1.14 ms, found 2 plugins.
Preloading 0 native plugins for Editor in 0.00 ms.
08-12-2021 13:08:19|Fatal|WebSocket.connect|System.Net.Sockets.SocketException (0x80004005): Connection refused
                            at System.Net.Sockets.TcpClient..ctor (System.String hostname, System.Int32 port) [0x0006d] in <6fcfdd162b5d4836bef3c96f53194db6>:0 
                            at WebSocketSharp.WebSocket.setClientStream () [0x00066] in <6e54e4d675ae408e9064c25787e50820>:0 
                            at WebSocketSharp.WebSocket.doHandshake () [0x00001] in <6e54e4d675ae408e9064c25787e50820>:0 
                            at WebSocketSharp.WebSocket.connect () [0x00083] in <6e54e4d675ae408e9064c25787e50820>:0 
Mono: successfully reloaded assembly
- Completed reload, in  1.463 seconds
Domain Reload Profiling:
	ReloadAssembly (1464ms)
		BeginReloadAssembly (125ms)
			ExecutionOrderSort (0ms)
			DisableScriptedObjects (4ms)
			BackupInstance (0ms)
			ReleaseScriptingObjects (0ms)
			CreateAndSetChildDomain (57ms)
		EndReloadAssembly (1267ms)
			LoadAssemblies (97ms)
			RebuildTransferFunctionScriptingTraits (0ms)
			SetupTypeCache (455ms)
			ReleaseScriptCaches (2ms)
			RebuildScriptCaches (91ms)
			SetupLoadedEditorAssemblies (455ms)
				LogAssemblyErrors (0ms)
				InitializePlatformSupportModulesInManaged (7ms)
				SetLoadedEditorAssemblies (1ms)
				RefreshPlugins (1ms)
				BeforeProcessingInitializeOnLoad (100ms)
				ProcessInitializeOnLoadAttributes (299ms)
				ProcessInitializeOnLoadMethodAttributes (43ms)
				AfterProcessingInitializeOnLoad (4ms)
				EditorAssembliesLoaded (0ms)
			ExecutionOrderSort2 (0ms)
			AwakeInstancesAfterBackupRestoration (18ms)
Platform modules already initialized, skipping
Shader 'Universal Render Pipeline/Particles/Lit': fallback shader 'Universal Render Pipeline/Particles/SimpleLit' not found
Refreshing native plugins compatible for Editor in 1.09 ms, found 2 plugins.
Preloading 0 native plugins for Editor in 0.00 ms.
Unloading 4243 Unused Serialized files (Serialized files now loaded: 0)
System memory in use before: 502.8 MB.
System memory in use after: 503.0 MB.

Unloading 59 unused Assets to reduce memory usage. Loaded Objects now: 4975.
Total: 6.042551 ms (FindLiveObjects: 0.430303 ms CreateObjectMapping: 0.186109 ms MarkObjects: 5.343716 ms  DeleteObjects: 0.081329 ms)

AssetImportParameters requested are different than current active one (requested -> active):
  custom:video-decoder-ogg-theora: a1e56fd34408186e4bbccfd4996cb3dc -> 
  custom:container-muxer-webm: aa71ff27fc2769a1b78a27578f13a17b -> 
  custom:container-demuxer-webm: 4f35f7cbe854078d1ac9338744f61a02 -> 
  custom:container-demuxer-ogg: 62fdf1f143b41e24485cea50d1cbac27 -> 
  custom:video-encoder-webm-vp8: eb34c28f22e8b96e1ab97ce403110664 -> 
  custom:framework-osx-AVFoundation: e770b220cccbd017edd2c1fefb359320 -> 
  custom:video-decoder-webm-vp8: 9c59270c3fd7afecdb556c50c9e8de78 -> 
  custom:audio-decoder-ogg-vorbis: bf7c407c2cedff20999df2af8eb42d56 -> 
  custom:audio-encoder-webm-vorbis: bf7c407c2cedff20999df2af8eb42d56 -> 
========================================================================
Received Import Request.
  Time since last request: 370.972476 seconds.
  path: Assets/BattleBot_Arena/Materials/ParticleSystem.mat
  artifactKey: Guid(47eb962f77ed8ec4f99529efefa3c1e4) Importer(815301076,1909f56bfc062723c751e8b465ee728b)
Start importing Assets/BattleBot_Arena/Materials/ParticleSystem.mat using Guid(47eb962f77ed8ec4f99529efefa3c1e4) Importer(815301076,1909f56bfc062723c751e8b465ee728b)  -> (artifact id: '2d13880ab35f8d94f3785fafcbf643d4') in 0.197951 seconds 
  Import took 0.205130 seconds .

========================================================================
Received Prepare
Default GameObject BitMask: UI already registered

Registering precompiled user dll's ...
Registered in 0.005294 seconds.
Begin MonoManager ReloadAssembly
Native extension for LinuxStandalone target not found
Native extension for WindowsStandalone target not found
Native extension for OSXStandalone target not found
Native extension for WebGL target not found
Refreshing native plugins compatible for Editor in 1.39 ms, found 2 plugins.
Preloading 0 native plugins for Editor in 0.00 ms.
08-12-2021 13:24:05|Fatal|WebSocket.connect|System.Net.Sockets.SocketException (0x80004005): Connection refused
                            at System.Net.Sockets.TcpClient..ctor (System.String hostname, System.Int32 port) [0x0006d] in <6fcfdd162b5d4836bef3c96f53194db6>:0 
                            at WebSocketSharp.WebSocket.setClientStream () [0x00066] in <6e54e4d675ae408e9064c25787e50820>:0 
                            at WebSocketSharp.WebSocket.doHandshake () [0x00001] in <6e54e4d675ae408e9064c25787e50820>:0 
                            at WebSocketSharp.WebSocket.connect () [0x00083] in <6e54e4d675ae408e9064c25787e50820>:0 
Mono: successfully reloaded assembly
- Completed reload, in  1.486 seconds
Domain Reload Profiling:
	ReloadAssembly (1486ms)
		BeginReloadAssembly (136ms)
			ExecutionOrderSort (0ms)
			DisableScriptedObjects (6ms)
			BackupInstance (0ms)
			ReleaseScriptingObjects (0ms)
			CreateAndSetChildDomain (66ms)
		EndReloadAssembly (1282ms)
			LoadAssemblies (95ms)
			RebuildTransferFunctionScriptingTraits (0ms)
			SetupTypeCache (465ms)
			ReleaseScriptCaches (2ms)
			RebuildScriptCaches (91ms)
			SetupLoadedEditorAssemblies (457ms)
				LogAssemblyErrors (0ms)
				InitializePlatformSupportModulesInManaged (6ms)
				SetLoadedEditorAssemblies (1ms)
				RefreshPlugins (1ms)
				BeforeProcessingInitializeOnLoad (98ms)
				ProcessInitializeOnLoadAttributes (300ms)
				ProcessInitializeOnLoadMethodAttributes (49ms)
				AfterProcessingInitializeOnLoad (2ms)
				EditorAssembliesLoaded (0ms)
			ExecutionOrderSort2 (0ms)
			AwakeInstancesAfterBackupRestoration (20ms)
Platform modules already initialized, skipping
Shader 'Universal Render Pipeline/Particles/Lit': fallback shader 'Universal Render Pipeline/Particles/SimpleLit' not found
Refreshing native plugins compatible for Editor in 1.57 ms, found 2 plugins.
Preloading 0 native plugins for Editor in 0.00 ms.
Unloading 4243 Unused Serialized files (Serialized files now loaded: 0)
System memory in use before: 504.7 MB.
System memory in use after: 504.9 MB.

Unloading 59 unused Assets to reduce memory usage. Loaded Objects now: 5014.
Total: 7.637799 ms (FindLiveObjects: 0.634529 ms CreateObjectMapping: 0.396667 ms MarkObjects: 6.504077 ms  DeleteObjects: 0.100917 ms)

AssetImportParameters requested are different than current active one (requested -> active):
  custom:video-decoder-ogg-theora: a1e56fd34408186e4bbccfd4996cb3dc -> 
  custom:container-muxer-webm: aa71ff27fc2769a1b78a27578f13a17b -> 
  custom:container-demuxer-webm: 4f35f7cbe854078d1ac9338744f61a02 -> 
  custom:container-demuxer-ogg: 62fdf1f143b41e24485cea50d1cbac27 -> 
  custom:video-encoder-webm-vp8: eb34c28f22e8b96e1ab97ce403110664 -> 
  custom:framework-osx-AVFoundation: e770b220cccbd017edd2c1fefb359320 -> 
  custom:video-decoder-webm-vp8: 9c59270c3fd7afecdb556c50c9e8de78 -> 
  custom:audio-decoder-ogg-vorbis: bf7c407c2cedff20999df2af8eb42d56 -> 
  custom:audio-encoder-webm-vorbis: bf7c407c2cedff20999df2af8eb42d56 -> 
========================================================================
Received Prepare
Default GameObject BitMask: UI already registered

Registering precompiled user dll's ...
Registered in 0.007975 seconds.
Begin MonoManager ReloadAssembly
Native extension for LinuxStandalone target not found
Native extension for WindowsStandalone target not found
Native extension for OSXStandalone target not found
Native extension for WebGL target not found
Refreshing native plugins compatible for Editor in 1.23 ms, found 2 plugins.
Preloading 0 native plugins for Editor in 0.00 ms.
08-12-2021 13:33:28|Fatal|WebSocket.connect|System.Net.Sockets.SocketException (0x80004005): Connection refused
                            at System.Net.Sockets.TcpClient..ctor (System.String hostname, System.Int32 port) [0x0006d] in <6fcfdd162b5d4836bef3c96f53194db6>:0 
                            at WebSocketSharp.WebSocket.setClientStream () [0x00066] in <6e54e4d675ae408e9064c25787e50820>:0 
                            at WebSocketSharp.WebSocket.doHandshake () [0x00001] in <6e54e4d675ae408e9064c25787e50820>:0 
                            at WebSocketSharp.WebSocket.connect () [0x00083] in <6e54e4d675ae408e9064c25787e50820>:0 
Mono: successfully reloaded assembly
- Completed reload, in  1.312 seconds
Domain Reload Profiling:
	ReloadAssembly (1312ms)
		BeginReloadAssembly (115ms)
			ExecutionOrderSort (0ms)
			DisableScriptedObjects (5ms)
			BackupInstance (0ms)
			ReleaseScriptingObjects (0ms)
			CreateAndSetChildDomain (57ms)
		EndReloadAssembly (1138ms)
			LoadAssemblies (86ms)
			RebuildTransferFunctionScriptingTraits (0ms)
			SetupTypeCache (404ms)
			ReleaseScriptCaches (2ms)
			RebuildScriptCaches (78ms)
			SetupLoadedEditorAssemblies (416ms)
				LogAssemblyErrors (0ms)
				InitializePlatformSupportModulesInManaged (6ms)
				SetLoadedEditorAssemblies (0ms)
				RefreshPlugins (1ms)
				BeforeProcessingInitializeOnLoad (92ms)
				ProcessInitializeOnLoadAttributes (277ms)
				ProcessInitializeOnLoadMethodAttributes (37ms)
				AfterProcessingInitializeOnLoad (1ms)
				EditorAssembliesLoaded (0ms)
			ExecutionOrderSort2 (0ms)
			AwakeInstancesAfterBackupRestoration (16ms)
Platform modules already initialized, skipping
Shader 'Universal Render Pipeline/Particles/Lit': fallback shader 'Universal Render Pipeline/Particles/SimpleLit' not found
Refreshing native plugins compatible for Editor in 1.12 ms, found 2 plugins.
Preloading 0 native plugins for Editor in 0.00 ms.
Unloading 4243 Unused Serialized files (Serialized files now loaded: 0)
System memory in use before: 506.4 MB.
System memory in use after: 506.6 MB.

Unloading 59 unused Assets to reduce memory usage. Loaded Objects now: 5017.
Total: 6.093369 ms (FindLiveObjects: 0.410542 ms CreateObjectMapping: 0.213607 ms MarkObjects: 5.382481 ms  DeleteObjects: 0.085405 ms)

AssetImportParameters requested are different than current active one (requested -> active):
  custom:video-decoder-ogg-theora: a1e56fd34408186e4bbccfd4996cb3dc -> 
  custom:container-muxer-webm: aa71ff27fc2769a1b78a27578f13a17b -> 
  custom:container-demuxer-webm: 4f35f7cbe854078d1ac9338744f61a02 -> 
  custom:container-demuxer-ogg: 62fdf1f143b41e24485cea50d1cbac27 -> 
  custom:video-encoder-webm-vp8: eb34c28f22e8b96e1ab97ce403110664 -> 
  custom:framework-osx-AVFoundation: e770b220cccbd017edd2c1fefb359320 -> 
  custom:video-decoder-webm-vp8: 9c59270c3fd7afecdb556c50c9e8de78 -> 
  custom:audio-decoder-ogg-vorbis: bf7c407c2cedff20999df2af8eb42d56 -> 
  custom:audio-encoder-webm-vorbis: bf7c407c2cedff20999df2af8eb42d56 -> 
========================================================================
Received Import Request.
  Time since last request: 1400.434255 seconds.
  path: Assets/_Core/Graphics/UI Assets/Options Menu/OptionsAIBg.png
  artifactKey: Guid(80ac3b4d3339643a9ac40ffa48bfec73) Importer(815301076,1909f56bfc062723c751e8b465ee728b)
Start importing Assets/_Core/Graphics/UI Assets/Options Menu/OptionsAIBg.png using Guid(80ac3b4d3339643a9ac40ffa48bfec73) Importer(815301076,1909f56bfc062723c751e8b465ee728b)  -> (artifact id: 'ad09030f07209f03e3c2daa97d072cf3') in 0.044523 seconds 
  Import took 0.052262 seconds .

========================================================================
Received Import Request.
  Time since last request: 2.369793 seconds.
  path: Assets/UFE/Demo/GUI/UI_Prefabs/OptionsScreen.prefab
  artifactKey: Guid(2737f2cf99cd3416b9a9d13df2abbe04) Importer(815301076,1909f56bfc062723c751e8b465ee728b)
Start importing Assets/UFE/Demo/GUI/UI_Prefabs/OptionsScreen.prefab using Guid(2737f2cf99cd3416b9a9d13df2abbe04) Importer(815301076,1909f56bfc062723c751e8b465ee728b)  -> (artifact id: 'fdf6f05e2adb19afa6352f03e0d569e4') in 0.048040 seconds 
  Import took 0.055012 seconds .

========================================================================
Received Import Request.
  Time since last request: 567.889667 seconds.
  path: Assets/_Core/Prefabs/BattleBotArena_Stage.prefab
  artifactKey: Guid(13a4f2e6086414e7282f2fdd349f2d19) Importer(815301076,1909f56bfc062723c751e8b465ee728b)
Start importing Assets/_Core/Prefabs/BattleBotArena_Stage.prefab using Guid(13a4f2e6086414e7282f2fdd349f2d19) Importer(815301076,1909f56bfc062723c751e8b465ee728b)  -> (artifact id: '860dcb894c94d4f212d6bca32ff9762f') in 0.374565 seconds 
  Import took 0.391363 seconds .

========================================================================
Received Import Request.
  Time since last request: 11.517016 seconds.
  path: Assets/BattleBot_Arena/Meshes/Arena1.blend
  artifactKey: Guid(18ce6edfbe894e04a83fbb4c7603a25c) Importer(815301076,1909f56bfc062723c751e8b465ee728b)
Start importing Assets/BattleBot_Arena/Meshes/Arena1.blend using Guid(18ce6edfbe894e04a83fbb4c7603a25c) Importer(815301076,1909f56bfc062723c751e8b465ee728b)  -> (artifact id: '0594ef2824696631b14c79ac9813e81b') in 0.308131 seconds 
  Import took 0.324003 seconds .

========================================================================
Received Prepare
Default GameObject BitMask: UI already registered

Registering precompiled user dll's ...
Registered in 0.004692 seconds.
Begin MonoManager ReloadAssembly
Native extension for LinuxStandalone target not found
Native extension for WindowsStandalone target not found
Native extension for OSXStandalone target not found
Native extension for WebGL target not found
Refreshing native plugins compatible for Editor in 1.08 ms, found 2 plugins.
Preloading 0 native plugins for Editor in 0.00 ms.
08-12-2021 13:51:08|Fatal|WebSocket.connect|System.Net.Sockets.SocketException (0x80004005): Connection refused
                            at System.Net.Sockets.TcpClient..ctor (System.String hostname, System.Int32 port) [0x0006d] in <6fcfdd162b5d4836bef3c96f53194db6>:0 
                            at WebSocketSharp.WebSocket.setClientStream () [0x00066] in <6e54e4d675ae408e9064c25787e50820>:0 
                            at WebSocketSharp.WebSocket.doHandshake () [0x00001] in <6e54e4d675ae408e9064c25787e50820>:0 
                            at WebSocketSharp.WebSocket.connect () [0x00083] in <6e54e4d675ae408e9064c25787e50820>:0 
Mono: successfully reloaded assembly
- Completed reload, in  1.310 seconds
Domain Reload Profiling:
	ReloadAssembly (1311ms)
		BeginReloadAssembly (127ms)
			ExecutionOrderSort (0ms)
			DisableScriptedObjects (6ms)
			BackupInstance (0ms)
			ReleaseScriptingObjects (0ms)
			CreateAndSetChildDomain (59ms)
		EndReloadAssembly (1124ms)
			LoadAssemblies (86ms)
			RebuildTransferFunctionScriptingTraits (0ms)
			SetupTypeCache (404ms)
			ReleaseScriptCaches (1ms)
			RebuildScriptCaches (79ms)
			SetupLoadedEditorAssemblies (404ms)
				LogAssemblyErrors (0ms)
				InitializePlatformSupportModulesInManaged (6ms)
				SetLoadedEditorAssemblies (0ms)
				RefreshPlugins (1ms)
				BeforeProcessingInitializeOnLoad (91ms)
				ProcessInitializeOnLoadAttributes (264ms)
				ProcessInitializeOnLoadMethodAttributes (40ms)
				AfterProcessingInitializeOnLoad (1ms)
				EditorAssembliesLoaded (0ms)
			ExecutionOrderSort2 (0ms)
			AwakeInstancesAfterBackupRestoration (16ms)
Platform modules already initialized, skipping
Shader 'Universal Render Pipeline/Particles/Lit': fallback shader 'Universal Render Pipeline/Particles/SimpleLit' not found
Refreshing native plugins compatible for Editor in 1.06 ms, found 2 plugins.
Preloading 0 native plugins for Editor in 0.00 ms.
Unloading 4243 Unused Serialized files (Serialized files now loaded: 0)
System memory in use before: 509.1 MB.
System memory in use after: 509.4 MB.

Unloading 62 unused Assets to reduce memory usage. Loaded Objects now: 5056.
Total: 6.503417 ms (FindLiveObjects: 0.621080 ms CreateObjectMapping: 0.323298 ms MarkObjects: 5.466926 ms  DeleteObjects: 0.090965 ms)

AssetImportParameters requested are different than current active one (requested -> active):
  custom:video-decoder-ogg-theora: a1e56fd34408186e4bbccfd4996cb3dc -> 
  custom:container-muxer-webm: aa71ff27fc2769a1b78a27578f13a17b -> 
  custom:container-demuxer-webm: 4f35f7cbe854078d1ac9338744f61a02 -> 
  custom:container-demuxer-ogg: 62fdf1f143b41e24485cea50d1cbac27 -> 
  custom:video-encoder-webm-vp8: eb34c28f22e8b96e1ab97ce403110664 -> 
  custom:framework-osx-AVFoundation: e770b220cccbd017edd2c1fefb359320 -> 
  custom:video-decoder-webm-vp8: 9c59270c3fd7afecdb556c50c9e8de78 -> 
  custom:audio-decoder-ogg-vorbis: bf7c407c2cedff20999df2af8eb42d56 -> 
  custom:audio-encoder-webm-vorbis: bf7c407c2cedff20999df2af8eb42d56 -> 
========================================================================
Received Prepare
Default GameObject BitMask: UI already registered

Registering precompiled user dll's ...
Registered in 0.004422 seconds.
Begin MonoManager ReloadAssembly
Native extension for LinuxStandalone target not found
Native extension for WindowsStandalone target not found
Native extension for OSXStandalone target not found
Native extension for WebGL target not found
Refreshing native plugins compatible for Editor in 1.14 ms, found 2 plugins.
Preloading 0 native plugins for Editor in 0.00 ms.
08-12-2021 13:52:51|Fatal|WebSocket.connect|System.Net.Sockets.SocketException (0x80004005): Connection refused
                            at System.Net.Sockets.TcpClient..ctor (System.String hostname, System.Int32 port) [0x0006d] in <6fcfdd162b5d4836bef3c96f53194db6>:0 
                            at WebSocketSharp.WebSocket.setClientStream () [0x00066] in <6e54e4d675ae408e9064c25787e50820>:0 
                            at WebSocketSharp.WebSocket.doHandshake () [0x00001] in <6e54e4d675ae408e9064c25787e50820>:0 
                            at WebSocketSharp.WebSocket.connect () [0x00083] in <6e54e4d675ae408e9064c25787e50820>:0 
Mono: successfully reloaded assembly
- Completed reload, in  1.309 seconds
Domain Reload Profiling:
	ReloadAssembly (1309ms)
		BeginReloadAssembly (118ms)
			ExecutionOrderSort (0ms)
			DisableScriptedObjects (4ms)
			BackupInstance (0ms)
			ReleaseScriptingObjects (0ms)
			CreateAndSetChildDomain (55ms)
		EndReloadAssembly (1133ms)
			LoadAssemblies (87ms)
			RebuildTransferFunctionScriptingTraits (0ms)
			SetupTypeCache (398ms)
			ReleaseScriptCaches (1ms)
			RebuildScriptCaches (85ms)
			SetupLoadedEditorAssemblies (406ms)
				LogAssemblyErrors (0ms)
				InitializePlatformSupportModulesInManaged (6ms)
				SetLoadedEditorAssemblies (0ms)
				RefreshPlugins (1ms)
				BeforeProcessingInitializeOnLoad (90ms)
				ProcessInitializeOnLoadAttributes (267ms)
				ProcessInitializeOnLoadMethodAttributes (40ms)
				AfterProcessingInitializeOnLoad (1ms)
				EditorAssembliesLoaded (0ms)
			ExecutionOrderSort2 (0ms)
			AwakeInstancesAfterBackupRestoration (18ms)
Platform modules already initialized, skipping
Shader 'Universal Render Pipeline/Particles/Lit': fallback shader 'Universal Render Pipeline/Particles/SimpleLit' not found
Refreshing native plugins compatible for Editor in 1.17 ms, found 2 plugins.
Preloading 0 native plugins for Editor in 0.00 ms.
Unloading 4243 Unused Serialized files (Serialized files now loaded: 0)
System memory in use before: 510.8 MB.
System memory in use after: 511.1 MB.

Unloading 59 unused Assets to reduce memory usage. Loaded Objects now: 5059.
Total: 6.503042 ms (FindLiveObjects: 0.441674 ms CreateObjectMapping: 0.210949 ms MarkObjects: 5.737804 ms  DeleteObjects: 0.111503 ms)

AssetImportParameters requested are different than current active one (requested -> active):
  custom:video-decoder-ogg-theora: a1e56fd34408186e4bbccfd4996cb3dc -> 
  custom:container-muxer-webm: aa71ff27fc2769a1b78a27578f13a17b -> 
  custom:container-demuxer-webm: 4f35f7cbe854078d1ac9338744f61a02 -> 
  custom:container-demuxer-ogg: 62fdf1f143b41e24485cea50d1cbac27 -> 
  custom:video-encoder-webm-vp8: eb34c28f22e8b96e1ab97ce403110664 -> 
  custom:framework-osx-AVFoundation: e770b220cccbd017edd2c1fefb359320 -> 
  custom:video-decoder-webm-vp8: 9c59270c3fd7afecdb556c50c9e8de78 -> 
  custom:audio-decoder-ogg-vorbis: bf7c407c2cedff20999df2af8eb42d56 -> 
  custom:audio-encoder-webm-vorbis: bf7c407c2cedff20999df2af8eb42d56 -> 
========================================================================
Received Import Request.
  Time since last request: 576.797660 seconds.
  path: Assets/_Core/Prefabs/BattleBotArena_Stage.prefab
  artifactKey: Guid(13a4f2e6086414e7282f2fdd349f2d19) Importer(815301076,1909f56bfc062723c751e8b465ee728b)
Start importing Assets/_Core/Prefabs/BattleBotArena_Stage.prefab using Guid(13a4f2e6086414e7282f2fdd349f2d19) Importer(815301076,1909f56bfc062723c751e8b465ee728b)  -> (artifact id: '99e5589149b7eeec8857ba79c69a0a96') in 0.329420 seconds 
  Import took 0.346344 seconds .

========================================================================
Received Import Request.
  Time since last request: 151.334514 seconds.
  path: Assets/_Core/Prefabs/BattleBotArena_Stage.prefab
  artifactKey: Guid(13a4f2e6086414e7282f2fdd349f2d19) Importer(815301076,1909f56bfc062723c751e8b465ee728b)
Start importing Assets/_Core/Prefabs/BattleBotArena_Stage.prefab using Guid(13a4f2e6086414e7282f2fdd349f2d19) Importer(815301076,1909f56bfc062723c751e8b465ee728b)  -> (artifact id: 'eaf2add1f121f425d27cde5f552a1984') in 0.181096 seconds 
  Import took 0.200571 seconds .

========================================================================
Received Prepare
Default GameObject BitMask: UI already registered

Registering precompiled user dll's ...
Registered in 0.004746 seconds.
Begin MonoManager ReloadAssembly
Native extension for LinuxStandalone target not found
Native extension for WindowsStandalone target not found
Native extension for OSXStandalone target not found
Native extension for WebGL target not found
Refreshing native plugins compatible for Editor in 1.08 ms, found 2 plugins.
Preloading 0 native plugins for Editor in 0.00 ms.
08-12-2021 13:55:33|Fatal|WebSocket.connect|System.Net.Sockets.SocketException (0x80004005): Connection refused
                            at System.Net.Sockets.TcpClient..ctor (System.String hostname, System.Int32 port) [0x0006d] in <6fcfdd162b5d4836bef3c96f53194db6>:0 
                            at WebSocketSharp.WebSocket.setClientStream () [0x00066] in <6e54e4d675ae408e9064c25787e50820>:0 
                            at WebSocketSharp.WebSocket.doHandshake () [0x00001] in <6e54e4d675ae408e9064c25787e50820>:0 
                            at WebSocketSharp.WebSocket.connect () [0x00083] in <6e54e4d675ae408e9064c25787e50820>:0 
Mono: successfully reloaded assembly
- Completed reload, in  1.351 seconds
Domain Reload Profiling:
	ReloadAssembly (1351ms)
		BeginReloadAssembly (121ms)
			ExecutionOrderSort (0ms)
			DisableScriptedObjects (6ms)
			BackupInstance (0ms)
			ReleaseScriptingObjects (0ms)
			CreateAndSetChildDomain (59ms)
		EndReloadAssembly (1170ms)
			LoadAssemblies (84ms)
			RebuildTransferFunctionScriptingTraits (0ms)
			SetupTypeCache (431ms)
			ReleaseScriptCaches (2ms)
			RebuildScriptCaches (88ms)
			SetupLoadedEditorAssemblies (407ms)
				LogAssemblyErrors (0ms)
				InitializePlatformSupportModulesInManaged (6ms)
				SetLoadedEditorAssemblies (0ms)
				RefreshPlugins (1ms)
				BeforeProcessingInitializeOnLoad (89ms)
				ProcessInitializeOnLoadAttributes (270ms)
				ProcessInitializeOnLoadMethodAttributes (39ms)
				AfterProcessingInitializeOnLoad (1ms)
				EditorAssembliesLoaded (0ms)
			ExecutionOrderSort2 (0ms)
			AwakeInstancesAfterBackupRestoration (17ms)
Platform modules already initialized, skipping
Shader 'Universal Render Pipeline/Particles/Lit': fallback shader 'Universal Render Pipeline/Particles/SimpleLit' not found
Refreshing native plugins compatible for Editor in 1.07 ms, found 2 plugins.
Preloading 0 native plugins for Editor in 0.00 ms.
Unloading 4243 Unused Serialized files (Serialized files now loaded: 0)
System memory in use before: 0.50 GB.
System memory in use after: 0.50 GB.

Unloading 59 unused Assets to reduce memory usage. Loaded Objects now: 5098.
Total: 6.248526 ms (FindLiveObjects: 0.421875 ms CreateObjectMapping: 0.223695 ms MarkObjects: 5.521232 ms  DeleteObjects: 0.080680 ms)

AssetImportParameters requested are different than current active one (requested -> active):
  custom:video-decoder-ogg-theora: a1e56fd34408186e4bbccfd4996cb3dc -> 
  custom:container-muxer-webm: aa71ff27fc2769a1b78a27578f13a17b -> 
  custom:container-demuxer-webm: 4f35f7cbe854078d1ac9338744f61a02 -> 
  custom:container-demuxer-ogg: 62fdf1f143b41e24485cea50d1cbac27 -> 
  custom:video-encoder-webm-vp8: eb34c28f22e8b96e1ab97ce403110664 -> 
  custom:framework-osx-AVFoundation: e770b220cccbd017edd2c1fefb359320 -> 
  custom:video-decoder-webm-vp8: 9c59270c3fd7afecdb556c50c9e8de78 -> 
  custom:audio-decoder-ogg-vorbis: bf7c407c2cedff20999df2af8eb42d56 -> 
  custom:audio-encoder-webm-vorbis: bf7c407c2cedff20999df2af8eb42d56 -> 
========================================================================
Received Import Request.
  Time since last request: 12.584921 seconds.
  path: Assets/_Core/Scenes/Main.unity
  artifactKey: Guid(a4f99dda2dd9d4442b85a6936f4bb0d9) Importer(815301076,1909f56bfc062723c751e8b465ee728b)
Start importing Assets/_Core/Scenes/Main.unity using Guid(a4f99dda2dd9d4442b85a6936f4bb0d9) Importer(815301076,1909f56bfc062723c751e8b465ee728b)  -> (artifact id: '18e1a52b045c374a1e78934951effb0b') in 0.016968 seconds 
  Import took 0.024680 seconds .

========================================================================
Received Prepare
Default GameObject BitMask: UI already registered

Registering precompiled user dll's ...
Registered in 0.005041 seconds.
Begin MonoManager ReloadAssembly
Native extension for LinuxStandalone target not found
Native extension for WindowsStandalone target not found
Native extension for OSXStandalone target not found
Native extension for WebGL target not found
Refreshing native plugins compatible for Editor in 1.12 ms, found 2 plugins.
Preloading 0 native plugins for Editor in 0.00 ms.
08-12-2021 13:55:47|Fatal|WebSocket.connect|System.Net.Sockets.SocketException (0x80004005): Connection refused
                            at System.Net.Sockets.TcpClient..ctor (System.String hostname, System.Int32 port) [0x0006d] in <6fcfdd162b5d4836bef3c96f53194db6>:0 
                            at WebSocketSharp.WebSocket.setClientStream () [0x00066] in <6e54e4d675ae408e9064c25787e50820>:0 
                            at WebSocketSharp.WebSocket.doHandshake () [0x00001] in <6e54e4d675ae408e9064c25787e50820>:0 
                            at WebSocketSharp.WebSocket.connect () [0x00083] in <6e54e4d675ae408e9064c25787e50820>:0 
Mono: successfully reloaded assembly
- Completed reload, in  1.413 seconds
Domain Reload Profiling:
	ReloadAssembly (1413ms)
		BeginReloadAssembly (131ms)
			ExecutionOrderSort (0ms)
			DisableScriptedObjects (6ms)
			BackupInstance (0ms)
			ReleaseScriptingObjects (0ms)
			CreateAndSetChildDomain (62ms)
		EndReloadAssembly (1216ms)
			LoadAssemblies (92ms)
			RebuildTransferFunctionScriptingTraits (0ms)
			SetupTypeCache (427ms)
			ReleaseScriptCaches (2ms)
			RebuildScriptCaches (89ms)
			SetupLoadedEditorAssemblies (439ms)
				LogAssemblyErrors (0ms)
				InitializePlatformSupportModulesInManaged (6ms)
				SetLoadedEditorAssemblies (1ms)
				RefreshPlugins (1ms)
				BeforeProcessingInitializeOnLoad (98ms)
				ProcessInitializeOnLoadAttributes (288ms)
				ProcessInitializeOnLoadMethodAttributes (43ms)
				AfterProcessingInitializeOnLoad (2ms)
				EditorAssembliesLoaded (0ms)
			ExecutionOrderSort2 (0ms)
			AwakeInstancesAfterBackupRestoration (21ms)
Platform modules already initialized, skipping
Shader 'Universal Render Pipeline/Particles/Lit': fallback shader 'Universal Render Pipeline/Particles/SimpleLit' not found
Refreshing native plugins compatible for Editor in 1.15 ms, found 2 plugins.
Preloading 0 native plugins for Editor in 0.00 ms.
Unloading 4243 Unused Serialized files (Serialized files now loaded: 0)
System memory in use before: 0.50 GB.
System memory in use after: 0.50 GB.

Unloading 59 unused Assets to reduce memory usage. Loaded Objects now: 5101.
Total: 7.799608 ms (FindLiveObjects: 0.590143 ms CreateObjectMapping: 0.335974 ms MarkObjects: 6.762117 ms  DeleteObjects: 0.110029 ms)

AssetImportParameters requested are different than current active one (requested -> active):
  custom:video-decoder-ogg-theora: a1e56fd34408186e4bbccfd4996cb3dc -> 
  custom:container-muxer-webm: aa71ff27fc2769a1b78a27578f13a17b -> 
  custom:container-demuxer-webm: 4f35f7cbe854078d1ac9338744f61a02 -> 
  custom:container-demuxer-ogg: 62fdf1f143b41e24485cea50d1cbac27 -> 
  custom:video-encoder-webm-vp8: eb34c28f22e8b96e1ab97ce403110664 -> 
  custom:framework-osx-AVFoundation: e770b220cccbd017edd2c1fefb359320 -> 
  custom:video-decoder-webm-vp8: 9c59270c3fd7afecdb556c50c9e8de78 -> 
  custom:audio-decoder-ogg-vorbis: bf7c407c2cedff20999df2af8eb42d56 -> 
  custom:audio-encoder-webm-vorbis: bf7c407c2cedff20999df2af8eb42d56 -> 
========================================================================
Received Prepare
Default GameObject BitMask: UI already registered

Registering precompiled user dll's ...
Registered in 0.004759 seconds.
Begin MonoManager ReloadAssembly
Native extension for LinuxStandalone target not found
Native extension for WindowsStandalone target not found
Native extension for OSXStandalone target not found
Native extension for WebGL target not found
Refreshing native plugins compatible for Editor in 1.12 ms, found 2 plugins.
Preloading 0 native plugins for Editor in 0.00 ms.
08-12-2021 13:56:52|Fatal|WebSocket.connect|System.Net.Sockets.SocketException (0x80004005): Connection refused
                            at System.Net.Sockets.TcpClient..ctor (System.String hostname, System.Int32 port) [0x0006d] in <6fcfdd162b5d4836bef3c96f53194db6>:0 
                            at WebSocketSharp.WebSocket.setClientStream () [0x00066] in <6e54e4d675ae408e9064c25787e50820>:0 
                            at WebSocketSharp.WebSocket.doHandshake () [0x00001] in <6e54e4d675ae408e9064c25787e50820>:0 
                            at WebSocketSharp.WebSocket.connect () [0x00083] in <6e54e4d675ae408e9064c25787e50820>:0 
Mono: successfully reloaded assembly
- Completed reload, in  1.323 seconds
Domain Reload Profiling:
	ReloadAssembly (1323ms)
		BeginReloadAssembly (120ms)
			ExecutionOrderSort (0ms)
			DisableScriptedObjects (5ms)
			BackupInstance (0ms)
			ReleaseScriptingObjects (0ms)
			CreateAndSetChildDomain (55ms)
		EndReloadAssembly (1139ms)
			LoadAssemblies (86ms)
			RebuildTransferFunctionScriptingTraits (0ms)
			SetupTypeCache (401ms)
			ReleaseScriptCaches (2ms)
			RebuildScriptCaches (81ms)
			SetupLoadedEditorAssemblies (413ms)
				LogAssemblyErrors (0ms)
				InitializePlatformSupportModulesInManaged (7ms)
				SetLoadedEditorAssemblies (0ms)
				RefreshPlugins (1ms)
				BeforeProcessingInitializeOnLoad (95ms)
				ProcessInitializeOnLoadAttributes (271ms)
				ProcessInitializeOnLoadMethodAttributes (37ms)
				AfterProcessingInitializeOnLoad (1ms)
				EditorAssembliesLoaded (0ms)
			ExecutionOrderSort2 (0ms)
			AwakeInstancesAfterBackupRestoration (17ms)
Platform modules already initialized, skipping
Shader 'Universal Render Pipeline/Particles/Lit': fallback shader 'Universal Render Pipeline/Particles/SimpleLit' not found
Refreshing native plugins compatible for Editor in 1.09 ms, found 2 plugins.
Preloading 0 native plugins for Editor in 0.00 ms.
Unloading 4243 Unused Serialized files (Serialized files now loaded: 0)
System memory in use before: 0.50 GB.
System memory in use after: 0.50 GB.

Unloading 59 unused Assets to reduce memory usage. Loaded Objects now: 5104.
Total: 5.837990 ms (FindLiveObjects: 0.398486 ms CreateObjectMapping: 0.197004 ms MarkObjects: 5.161466 ms  DeleteObjects: 0.080154 ms)

AssetImportParameters requested are different than current active one (requested -> active):
  custom:video-decoder-ogg-theora: a1e56fd34408186e4bbccfd4996cb3dc -> 
  custom:container-muxer-webm: aa71ff27fc2769a1b78a27578f13a17b -> 
  custom:container-demuxer-webm: 4f35f7cbe854078d1ac9338744f61a02 -> 
  custom:container-demuxer-ogg: 62fdf1f143b41e24485cea50d1cbac27 -> 
  custom:video-encoder-webm-vp8: eb34c28f22e8b96e1ab97ce403110664 -> 
  custom:framework-osx-AVFoundation: e770b220cccbd017edd2c1fefb359320 -> 
  custom:video-decoder-webm-vp8: 9c59270c3fd7afecdb556c50c9e8de78 -> 
  custom:audio-decoder-ogg-vorbis: bf7c407c2cedff20999df2af8eb42d56 -> 
  custom:audio-encoder-webm-vorbis: bf7c407c2cedff20999df2af8eb42d56 -> 
========================================================================
Received Import Request.
  Time since last request: 121.306670 seconds.
  path: Assets/_Core/Prefabs/BattleBotArena_Stage.prefab
  artifactKey: Guid(13a4f2e6086414e7282f2fdd349f2d19) Importer(815301076,1909f56bfc062723c751e8b465ee728b)
Start importing Assets/_Core/Prefabs/BattleBotArena_Stage.prefab using Guid(13a4f2e6086414e7282f2fdd349f2d19) Importer(815301076,1909f56bfc062723c751e8b465ee728b)  -> (artifact id: '5d0afbae7b50957589b4a54676d9e6db') in 0.338548 seconds 
  Import took 0.357499 seconds .

========================================================================
Received Prepare
Default GameObject BitMask: UI already registered

Registering precompiled user dll's ...
Registered in 0.004445 seconds.
Begin MonoManager ReloadAssembly
Native extension for LinuxStandalone target not found
Native extension for WindowsStandalone target not found
Native extension for OSXStandalone target not found
Native extension for WebGL target not found
Refreshing native plugins compatible for Editor in 1.19 ms, found 2 plugins.
Preloading 0 native plugins for Editor in 0.00 ms.
08-12-2021 13:57:44|Fatal|WebSocket.connect|System.Net.Sockets.SocketException (0x80004005): Connection refused
                            at System.Net.Sockets.TcpClient..ctor (System.String hostname, System.Int32 port) [0x0006d] in <6fcfdd162b5d4836bef3c96f53194db6>:0 
                            at WebSocketSharp.WebSocket.setClientStream () [0x00066] in <6e54e4d675ae408e9064c25787e50820>:0 
                            at WebSocketSharp.WebSocket.doHandshake () [0x00001] in <6e54e4d675ae408e9064c25787e50820>:0 
                            at WebSocketSharp.WebSocket.connect () [0x00083] in <6e54e4d675ae408e9064c25787e50820>:0 
Mono: successfully reloaded assembly
- Completed reload, in  1.325 seconds
Domain Reload Profiling:
	ReloadAssembly (1325ms)
		BeginReloadAssembly (125ms)
			ExecutionOrderSort (0ms)
			DisableScriptedObjects (6ms)
			BackupInstance (0ms)
			ReleaseScriptingObjects (0ms)
			CreateAndSetChildDomain (60ms)
		EndReloadAssembly (1139ms)
			LoadAssemblies (89ms)
			RebuildTransferFunctionScriptingTraits (0ms)
			SetupTypeCache (402ms)
			ReleaseScriptCaches (2ms)
			RebuildScriptCaches (79ms)
			SetupLoadedEditorAssemblies (405ms)
				LogAssemblyErrors (0ms)
				InitializePlatformSupportModulesInManaged (6ms)
				SetLoadedEditorAssemblies (0ms)
				RefreshPlugins (1ms)
				BeforeProcessingInitializeOnLoad (90ms)
				ProcessInitializeOnLoadAttributes (265ms)
				ProcessInitializeOnLoadMethodAttributes (41ms)
				AfterProcessingInitializeOnLoad (1ms)
				EditorAssembliesLoaded (0ms)
			ExecutionOrderSort2 (0ms)
			AwakeInstancesAfterBackupRestoration (20ms)
Platform modules already initialized, skipping
Shader 'Universal Render Pipeline/Particles/Lit': fallback shader 'Universal Render Pipeline/Particles/SimpleLit' not found
Refreshing native plugins compatible for Editor in 1.06 ms, found 2 plugins.
Preloading 0 native plugins for Editor in 0.00 ms.
Unloading 4243 Unused Serialized files (Serialized files now loaded: 0)
System memory in use before: 0.51 GB.
System memory in use after: 0.51 GB.

Unloading 59 unused Assets to reduce memory usage. Loaded Objects now: 5143.
Total: 6.101025 ms (FindLiveObjects: 0.407282 ms CreateObjectMapping: 0.209523 ms MarkObjects: 5.400828 ms  DeleteObjects: 0.082534 ms)

AssetImportParameters requested are different than current active one (requested -> active):
  custom:video-decoder-ogg-theora: a1e56fd34408186e4bbccfd4996cb3dc -> 
  custom:container-muxer-webm: aa71ff27fc2769a1b78a27578f13a17b -> 
  custom:container-demuxer-webm: 4f35f7cbe854078d1ac9338744f61a02 -> 
  custom:container-demuxer-ogg: 62fdf1f143b41e24485cea50d1cbac27 -> 
  custom:video-encoder-webm-vp8: eb34c28f22e8b96e1ab97ce403110664 -> 
  custom:framework-osx-AVFoundation: e770b220cccbd017edd2c1fefb359320 -> 
  custom:video-decoder-webm-vp8: 9c59270c3fd7afecdb556c50c9e8de78 -> 
  custom:audio-decoder-ogg-vorbis: bf7c407c2cedff20999df2af8eb42d56 -> 
  custom:audio-encoder-webm-vorbis: bf7c407c2cedff20999df2af8eb42d56 -> 
========================================================================
Received Import Request.
  Time since last request: 592.321324 seconds.
  path: Assets/UFE/Engine/MapRecorder.unity
  artifactKey: Guid(dfb16958128f0504aa98ba6b0d89d0ad) Importer(815301076,1909f56bfc062723c751e8b465ee728b)
Start importing Assets/UFE/Engine/MapRecorder.unity using Guid(dfb16958128f0504aa98ba6b0d89d0ad) Importer(815301076,1909f56bfc062723c751e8b465ee728b)  -> (artifact id: '0bf3c07c5a6a41d97da50ecae5f96092') in 0.026803 seconds 
  Import took 0.033825 seconds .

========================================================================
Received Import Request.
  Time since last request: 2.296232 seconds.
  path: Assets/UFE/Engine/Editor
  artifactKey: Guid(ceba34f78f29c7b4888fa9543847b603) Importer(815301076,1909f56bfc062723c751e8b465ee728b)
Start importing Assets/UFE/Engine/Editor using Guid(ceba34f78f29c7b4888fa9543847b603) Importer(815301076,1909f56bfc062723c751e8b465ee728b)  -> (artifact id: 'ca210c00fb148635381bed9574071203') in 0.001643 seconds 
  Import took 0.008716 seconds .

========================================================================
Received Import Request.
  Time since last request: 10.867922 seconds.
  path: Assets/UFE/Engine/ProjectSettings/ProjectSettings.zip
  artifactKey: Guid(194a55b56effea741bac878d4e5fb9e9) Importer(815301076,1909f56bfc062723c751e8b465ee728b)
Start importing Assets/UFE/Engine/ProjectSettings/ProjectSettings.zip using Guid(194a55b56effea741bac878d4e5fb9e9) Importer(815301076,1909f56bfc062723c751e8b465ee728b)  -> (artifact id: 'f48654c55dc4f425cde9d4eb0d57b7b0') in 1.654087 seconds 
  Import took 1.662436 seconds .

